{
  "stats": {
    "suites": 1,
    "tests": 3,
    "passes": 3,
    "pending": 0,
    "failures": 0,
    "start": "2024-06-21T04:53:27.511Z",
    "end": "2024-06-21T04:53:35.631Z",
    "duration": 8120,
    "testsRegistered": 3,
    "passPercent": 100,
    "pendingPercent": 0,
    "other": 0,
    "hasOther": false,
    "skipped": 0,
    "hasSkipped": false
  },
  "results": [
    {
      "uuid": "e4a53cc6-c2a5-4470-9559-7db7894ea3e5",
      "title": "",
      "fullFile": "cypress\\e2e\\login.cy.js",
      "file": "cypress\\e2e\\login.cy.js",
      "beforeHooks": [],
      "afterHooks": [],
      "tests": [],
      "suites": [
        {
          "uuid": "e057f5a4-f814-4c8d-bdf6-d4bc7df5e6fb",
          "title": "Login",
          "fullFile": "",
          "file": "",
          "beforeHooks": [],
          "afterHooks": [],
          "tests": [
            {
              "title": "Success login",
              "fullTitle": "Login Success login",
              "timedOut": null,
              "duration": 1287,
              "state": "passed",
              "speed": "fast",
              "pass": true,
              "fail": false,
              "pending": false,
              "context": null,
              "code": "// type username\ncy.get('#username').type('admin');\ncy.get('#username').should('have.value', 'admin');\n// type password\ncy.get('#password').type('123456');\ncy.get('#password').should('have.value', '123456');\ncy.get('#loginForm').submit();\n// assert the warning message\ncy.get('#loginMessage').first().should('have.text', 'Login successful!');",
              "err": {},
              "uuid": "d9759e6d-faff-4936-9f05-e74965afa882",
              "parentUUID": "e057f5a4-f814-4c8d-bdf6-d4bc7df5e6fb",
              "isHook": false,
              "skipped": false
            },
            {
              "title": "Failed login",
              "fullTitle": "Login Failed login",
              "timedOut": null,
              "duration": 705,
              "state": "passed",
              "speed": "fast",
              "pass": true,
              "fail": false,
              "pending": false,
              "context": null,
              "code": "// type username\ncy.get('#username').type('user');\ncy.get('#username').should('have.value', 'user');\n// type password\ncy.get('#password').type('123456');\ncy.get('#password').should('have.value', '123456');\ncy.get('#loginForm').submit();\n// assert the warning message\ncy.get('#loginMessage').first().should('have.text', 'Invalid username or password.');",
              "err": {},
              "uuid": "f75cbf4f-c9c7-43c6-b320-7e1a799b4333",
              "parentUUID": "e057f5a4-f814-4c8d-bdf6-d4bc7df5e6fb",
              "isHook": false,
              "skipped": false
            },
            {
              "title": "Empty login",
              "fullTitle": "Login Empty login",
              "timedOut": null,
              "duration": 798,
              "state": "passed",
              "speed": "fast",
              "pass": true,
              "fail": false,
              "pending": false,
              "context": null,
              "code": "// type username\ncy.get('#username').clear();\n// type password\ncy.get('#password').clear();\n// click Login button\ncy.get('#loginForm').submit();\n// assert the warning message\ncy.get('#loginMessage').first().should('have.text', 'Please enter both username and password.');",
              "err": {},
              "uuid": "df8a53b6-50e1-4a11-a4e8-d6f262d13ced",
              "parentUUID": "e057f5a4-f814-4c8d-bdf6-d4bc7df5e6fb",
              "isHook": false,
              "skipped": false
            }
          ],
          "suites": [],
          "passes": [
            "d9759e6d-faff-4936-9f05-e74965afa882",
            "f75cbf4f-c9c7-43c6-b320-7e1a799b4333",
            "df8a53b6-50e1-4a11-a4e8-d6f262d13ced"
          ],
          "failures": [],
          "pending": [],
          "skipped": [],
          "duration": 2790,
          "root": false,
          "rootEmpty": false,
          "_timeout": 2000
        }
      ],
      "passes": [],
      "failures": [],
      "pending": [],
      "skipped": [],
      "duration": 0,
      "root": true,
      "rootEmpty": true,
      "_timeout": 2000
    }
  ],
  "meta": {
    "mocha": {
      "version": "7.0.1"
    },
    "mochawesome": {
      "options": {
        "quiet": false,
        "reportFilename": "mochawesome",
        "saveHtml": false,
        "saveJson": true,
        "consoleReporter": "spec",
        "useInlineDiffs": false,
        "code": true
      },
      "version": "7.1.3"
    },
    "marge": {
      "options": {
        "reportDir": "cypress/reports",
        "overwrite": false,
        "html": false,
        "json": true
      },
      "version": "6.2.0"
    }
  }
}